# JRE version: OpenJDK Runtime Environment Temurin-21.0.6+7 (21.0.6+7) (build 21.0.6+7-LTS)
# Java VM: OpenJDK 64-Bit Server VM Temurin-21.0.6+7 (21.0.6+7-LTS, mixed mode, sharing, tiered, compressed oops, compressed class ptrs, g1 gc, windows-amd64)
GC Precious Log:
 CardTable entry size: 512
 Card Set container configuration: InlinePtr #cards 5 size 8 Array Of Cards #cards 12 size 40 Howl #buckets 4 coarsen threshold 1843 Howl Bitmap #cards 512 size 80 coarsen threshold 460 Card regions per heap region 1 cards per card region 2048
 CPUs: 12 total, 12 available
 Memory: 7863M
 Large Page Support: Disabled
 NUMA Support: Disabled
 Compressed Oops: Enabled (32-bit)
 Heap Region Size: 1M
 Heap Min Capacity: 8M
 Heap Initial Capacity: 124M
 Heap Max Capacity: 1966M
 Pre-touch: Disabled
 Parallel Workers: 10
 Concurrent Workers: 3
 Concurrent Refinement Workers: 10
 Periodic GC: Disabled
Heap:
 garbage-first heap   total 243712K, used 101983K [0x0000000085200000, 0x0000000100000000)
  region size 1024K, 31 young (31744K), 14 survivors (14336K)
 Metaspace       used 80321K, committed 81152K, reserved 1179648K
  class space    used 10981K, committed 11328K, reserved 1048576K
GC Heap History (20 events):
Event: 8.702 GC heap before
{Heap before GC invocations=16 (full 0):
 garbage-first heap   total 83968K, used 72677K [0x0000000085200000, 0x0000000100000000)
  region size 1024K, 42 young (43008K), 6 survivors (6144K)
 Metaspace       used 71834K, committed 72512K, reserved 1114112K
  class space    used 9881K, committed 10176K, reserved 1048576K
}
Event: 8.707 GC heap after
{Heap after GC invocations=17 (full 0):
 garbage-first heap   total 83968K, used 37992K [0x0000000085200000, 0x0000000100000000)
  region size 1024K, 6 young (6144K), 6 survivors (6144K)
 Metaspace       used 71834K, committed 72512K, reserved 1114112K
  class space    used 9881K, committed 10176K, reserved 1048576K
}
Event: 9.076 GC heap before
{Heap before GC invocations=17 (full 0):
 garbage-first heap   total 83968K, used 71784K [0x0000000085200000, 0x0000000100000000)
  region size 1024K, 39 young (39936K), 6 survivors (6144K)
 Metaspace       used 74246K, committed 74944K, reserved 1114112K
  class space    used 10203K, committed 10496K, reserved 1048576K
}
Event: 9.081 GC heap after
{Heap after GC invocations=18 (full 0):
 garbage-first heap   total 83968K, used 40581K [0x0000000085200000, 0x0000000100000000)
  region size 1024K, 5 young (5120K), 5 survivors (5120K)
 Metaspace       used 74246K, committed 74944K, reserved 1114112K
  class space    used 10203K, committed 10496K, reserved 1048576K
}
Event: 9.612 GC heap before
{Heap before GC invocations=19 (full 0):
 garbage-first heap   total 83968K, used 74373K [0x0000000085200000, 0x0000000100000000)
  region size 1024K, 37 young (37888K), 5 survivors (5120K)
 Metaspace       used 77237K, committed 78016K, reserved 1179648K
  class space    used 10603K, committed 10944K, reserved 1048576K
}
Event: 9.618 GC heap after
{Heap after GC invocations=20 (full 0):
 garbage-first heap   total 83968K, used 45500K [0x0000000085200000, 0x0000000100000000)
  region size 1024K, 5 young (5120K), 5 survivors (5120K)
 Metaspace       used 77237K, committed 78016K, reserved 1179648K
  class space    used 10603K, committed 10944K, reserved 1048576K
}
Event: 9.802 GC heap before
{Heap before GC invocations=20 (full 0):
 garbage-first heap   total 83968K, used 72124K [0x0000000085200000, 0x0000000100000000)
  region size 1024K, 32 young (32768K), 5 survivors (5120K)
 Metaspace       used 77308K, committed 78080K, reserved 1179648K
  class space    used 10603K, committed 10944K, reserved 1048576K
}
Event: 9.807 GC heap after
{Heap after GC invocations=21 (full 0):
 garbage-first heap   total 103424K, used 51606K [0x0000000085200000, 0x0000000100000000)
  region size 1024K, 4 young (4096K), 4 survivors (4096K)
 Metaspace       used 77308K, committed 78080K, reserved 1179648K
  class space    used 10603K, committed 10944K, reserved 1048576K
}
Event: 9.928 GC heap before
{Heap before GC invocations=21 (full 0):
 garbage-first heap   total 103424K, used 74134K [0x0000000085200000, 0x0000000100000000)
  region size 1024K, 28 young (28672K), 4 survivors (4096K)
 Metaspace       used 77509K, committed 78272K, reserved 1179648K
  class space    used 10619K, committed 10944K, reserved 1048576K
}
Event: 9.932 GC heap after
{Heap after GC invocations=22 (full 0):
 garbage-first heap   total 103424K, used 58023K [0x0000000085200000, 0x0000000100000000)
  region size 1024K, 6 young (6144K), 6 survivors (6144K)
 Metaspace       used 77509K, committed 78272K, reserved 1179648K
  class space    used 10619K, committed 10944K, reserved 1048576K
}
Event: 10.006 GC heap before
{Heap before GC invocations=23 (full 0):
 garbage-first heap   total 103424K, used 85671K [0x0000000085200000, 0x0000000100000000)
  region size 1024K, 34 young (34816K), 6 survivors (6144K)
 Metaspace       used 77498K, committed 78272K, reserved 1179648K
  class space    used 10615K, committed 10944K, reserved 1048576K
}
Event: 10.010 GC heap after
{Heap after GC invocations=24 (full 0):
 garbage-first heap   total 103424K, used 63663K [0x0000000085200000, 0x0000000100000000)
  region size 1024K, 5 young (5120K), 5 survivors (5120K)
 Metaspace       used 77498K, committed 78272K, reserved 1179648K
  class space    used 10615K, committed 10944K, reserved 1048576K
}
Event: 10.133 GC heap before
{Heap before GC invocations=24 (full 0):
 garbage-first heap   total 103424K, used 87215K [0x0000000085200000, 0x0000000100000000)
  region size 1024K, 29 young (29696K), 5 survivors (5120K)
 Metaspace       used 77574K, committed 78336K, reserved 1179648K
  class space    used 10619K, committed 10944K, reserved 1048576K
}
Event: 10.138 GC heap after
{Heap after GC invocations=25 (full 0):
 garbage-first heap   total 103424K, used 70380K [0x0000000085200000, 0x0000000100000000)
  region size 1024K, 4 young (4096K), 4 survivors (4096K)
 Metaspace       used 77574K, committed 78336K, reserved 1179648K
  class space    used 10619K, committed 10944K, reserved 1048576K
}
Event: 10.168 GC heap before
{Heap before GC invocations=25 (full 0):
 garbage-first heap   total 103424K, used 72428K [0x0000000085200000, 0x0000000100000000)
  region size 1024K, 7 young (7168K), 4 survivors (4096K)
 Metaspace       used 77585K, committed 78336K, reserved 1179648K
  class space    used 10619K, committed 10944K, reserved 1048576K
}
Event: 10.173 GC heap after
{Heap after GC invocations=26 (full 0):
 garbage-first heap   total 103424K, used 72125K [0x0000000085200000, 0x0000000100000000)
  region size 1024K, 1 young (1024K), 1 survivors (1024K)
 Metaspace       used 77585K, committed 78336K, reserved 1179648K
  class space    used 10619K, committed 10944K, reserved 1048576K
}
Event: 10.231 GC heap before
{Heap before GC invocations=26 (full 0):
 garbage-first heap   total 121856K, used 89533K [0x0000000085200000, 0x0000000100000000)
  region size 1024K, 19 young (19456K), 1 survivors (1024K)
 Metaspace       used 77600K, committed 78336K, reserved 1179648K
  class space    used 10619K, committed 10944K, reserved 1048576K
}
Event: 10.235 GC heap after
{Heap after GC invocations=27 (full 0):
 garbage-first heap   total 243712K, used 74957K [0x0000000085200000, 0x0000000100000000)
  region size 1024K, 3 young (3072K), 3 survivors (3072K)
 Metaspace       used 77600K, committed 78336K, reserved 1179648K
  class space    used 10619K, committed 10944K, reserved 1048576K
}
Event: 10.692 GC heap before
{Heap before GC invocations=28 (full 0):
 garbage-first heap   total 243712K, used 191693K [0x0000000085200000, 0x0000000100000000)
  region size 1024K, 117 young (119808K), 3 survivors (3072K)
 Metaspace       used 78838K, committed 79616K, reserved 1179648K
  class space    used 10793K, committed 11136K, reserved 1048576K
}
Event: 10.700 GC heap after
{Heap after GC invocations=29 (full 0):
 garbage-first heap   total 243712K, used 85599K [0x0000000085200000, 0x0000000100000000)
  region size 1024K, 14 young (14336K), 14 survivors (14336K)
 Metaspace       used 78838K, committed 79616K, reserved 1179648K
  class space    used 10793K, committed 11136K, reserved 1048576K
}

