# JRE version: OpenJDK Runtime Environment Temurin-21.0.6+7 (21.0.6+7) (build 21.0.6+7-LTS)
# Java VM: OpenJDK 64-Bit Server VM Temurin-21.0.6+7 (21.0.6+7-LTS, mixed mode, sharing, tiered, compressed oops, compressed class ptrs, g1 gc, windows-amd64)
GC Precious Log:
 CardTable entry size: 512
 Card Set container configuration: InlinePtr #cards 5 size 8 Array Of Cards #cards 12 size 40 Howl #buckets 4 coarsen threshold 1843 Howl Bitmap #cards 512 size 80 coarsen threshold 460 Card regions per heap region 1 cards per card region 2048
 CPUs: 12 total, 12 available
 Memory: 7863M
 Large Page Support: Disabled
 NUMA Support: Disabled
 Compressed Oops: Enabled (32-bit)
 Heap Region Size: 1M
 Heap Min Capacity: 8M
 Heap Initial Capacity: 124M
 Heap Max Capacity: 1966M
 Pre-touch: Disabled
 Parallel Workers: 10
 Concurrent Workers: 3
 Concurrent Refinement Workers: 10
 Periodic GC: Disabled
Heap:
 garbage-first heap   total 242688K, used 157614K [0x0000000085200000, 0x0000000100000000)
  region size 1024K, 90 young (92160K), 5 survivors (5120K)
 Metaspace       used 87299K, committed 88320K, reserved 1179648K
  class space    used 11925K, committed 12352K, reserved 1048576K
GC Heap History (20 events):
Event: 10.479 GC heap before
{Heap before GC invocations=20 (full 0):
 garbage-first heap   total 83968K, used 52925K [0x0000000085200000, 0x0000000100000000)
  region size 1024K, 18 young (18432K), 5 survivors (5120K)
 Metaspace       used 77322K, committed 78080K, reserved 1179648K
  class space    used 10600K, committed 10944K, reserved 1048576K
}
Event: 10.486 GC heap after
{Heap after GC invocations=21 (full 0):
 garbage-first heap   total 83968K, used 43388K [0x0000000085200000, 0x0000000100000000)
  region size 1024K, 4 young (4096K), 4 survivors (4096K)
 Metaspace       used 77322K, committed 78080K, reserved 1179648K
  class space    used 10600K, committed 10944K, reserved 1048576K
}
Event: 10.648 GC heap before
{Heap before GC invocations=22 (full 0):
 garbage-first heap   total 83968K, used 74108K [0x0000000085200000, 0x0000000100000000)
  region size 1024K, 34 young (34816K), 4 survivors (4096K)
 Metaspace       used 77398K, committed 78208K, reserved 1179648K
  class space    used 10603K, committed 10944K, reserved 1048576K
}
Event: 10.654 GC heap after
{Heap after GC invocations=23 (full 0):
 garbage-first heap   total 87040K, used 51795K [0x0000000085200000, 0x0000000100000000)
  region size 1024K, 5 young (5120K), 5 survivors (5120K)
 Metaspace       used 77398K, committed 78208K, reserved 1179648K
  class space    used 10603K, committed 10944K, reserved 1048576K
}
Event: 10.770 GC heap before
{Heap before GC invocations=23 (full 0):
 garbage-first heap   total 87040K, used 75347K [0x0000000085200000, 0x0000000100000000)
  region size 1024K, 29 young (29696K), 5 survivors (5120K)
 Metaspace       used 77608K, committed 78336K, reserved 1179648K
  class space    used 10617K, committed 10944K, reserved 1048576K
}
Event: 10.775 GC heap after
{Heap after GC invocations=24 (full 0):
 garbage-first heap   total 88064K, used 56142K [0x0000000085200000, 0x0000000100000000)
  region size 1024K, 4 young (4096K), 4 survivors (4096K)
 Metaspace       used 77608K, committed 78336K, reserved 1179648K
  class space    used 10617K, committed 10944K, reserved 1048576K
}
Event: 10.785 GC heap before
{Heap before GC invocations=24 (full 0):
 garbage-first heap   total 88064K, used 58190K [0x0000000085200000, 0x0000000100000000)
  region size 1024K, 7 young (7168K), 4 survivors (4096K)
 Metaspace       used 77610K, committed 78400K, reserved 1179648K
  class space    used 10617K, committed 10944K, reserved 1048576K
}
Event: 10.787 GC heap after
{Heap after GC invocations=25 (full 0):
 garbage-first heap   total 110592K, used 57519K [0x0000000085200000, 0x0000000100000000)
  region size 1024K, 1 young (1024K), 1 survivors (1024K)
 Metaspace       used 77610K, committed 78400K, reserved 1179648K
  class space    used 10617K, committed 10944K, reserved 1048576K
}
Event: 10.859 GC heap before
{Heap before GC invocations=26 (full 0):
 garbage-first heap   total 110592K, used 93359K [0x0000000085200000, 0x0000000100000000)
  region size 1024K, 36 young (36864K), 1 survivors (1024K)
 Metaspace       used 77627K, committed 78400K, reserved 1179648K
  class space    used 10615K, committed 10944K, reserved 1048576K
}
Event: 10.862 GC heap after
{Heap after GC invocations=27 (full 0):
 garbage-first heap   total 110592K, used 65328K [0x0000000085200000, 0x0000000100000000)
  region size 1024K, 5 young (5120K), 5 survivors (5120K)
 Metaspace       used 77627K, committed 78400K, reserved 1179648K
  class space    used 10615K, committed 10944K, reserved 1048576K
}
Event: 10.946 GC heap before
{Heap before GC invocations=27 (full 0):
 garbage-first heap   total 110592K, used 95024K [0x0000000085200000, 0x0000000100000000)
  region size 1024K, 34 young (34816K), 5 survivors (5120K)
 Metaspace       used 77708K, committed 78464K, reserved 1179648K
  class space    used 10619K, committed 10944K, reserved 1048576K
}
Event: 10.952 GC heap after
{Heap after GC invocations=28 (full 0):
 garbage-first heap   total 110592K, used 73046K [0x0000000085200000, 0x0000000100000000)
  region size 1024K, 5 young (5120K), 5 survivors (5120K)
 Metaspace       used 77708K, committed 78464K, reserved 1179648K
  class space    used 10619K, committed 10944K, reserved 1048576K
}
Event: 10.979 GC heap before
{Heap before GC invocations=28 (full 0):
 garbage-first heap   total 110592K, used 94550K [0x0000000085200000, 0x0000000100000000)
  region size 1024K, 27 young (27648K), 5 survivors (5120K)
 Metaspace       used 77714K, committed 78464K, reserved 1179648K
  class space    used 10619K, committed 10944K, reserved 1048576K
}
Event: 10.983 GC heap after
{Heap after GC invocations=29 (full 0):
 garbage-first heap   total 110592K, used 77632K [0x0000000085200000, 0x0000000100000000)
  region size 1024K, 4 young (4096K), 4 survivors (4096K)
 Metaspace       used 77714K, committed 78464K, reserved 1179648K
  class space    used 10619K, committed 10944K, reserved 1048576K
}
Event: 11.073 GC heap before
{Heap before GC invocations=30 (full 0):
 garbage-first heap   total 130048K, used 97088K [0x0000000085200000, 0x0000000100000000)
  region size 1024K, 24 young (24576K), 4 survivors (4096K)
 Metaspace       used 77775K, committed 78528K, reserved 1179648K
  class space    used 10619K, committed 10944K, reserved 1048576K
}
Event: 11.077 GC heap after
{Heap after GC invocations=31 (full 0):
 garbage-first heap   total 130048K, used 84204K [0x0000000085200000, 0x0000000100000000)
  region size 1024K, 3 young (3072K), 3 survivors (3072K)
 Metaspace       used 77775K, committed 78528K, reserved 1179648K
  class space    used 10619K, committed 10944K, reserved 1048576K
}
Event: 11.107 GC heap before
{Heap before GC invocations=31 (full 0):
 garbage-first heap   total 130048K, used 111852K [0x0000000085200000, 0x0000000100000000)
  region size 1024K, 30 young (30720K), 3 survivors (3072K)
 Metaspace       used 77787K, committed 78528K, reserved 1179648K
  class space    used 10619K, committed 10944K, reserved 1048576K
}
Event: 11.112 GC heap after
{Heap after GC invocations=32 (full 0):
 garbage-first heap   total 130048K, used 77959K [0x0000000085200000, 0x0000000100000000)
  region size 1024K, 4 young (4096K), 4 survivors (4096K)
 Metaspace       used 77787K, committed 78528K, reserved 1179648K
  class space    used 10619K, committed 10944K, reserved 1048576K
}
Event: 11.279 GC heap before
{Heap before GC invocations=32 (full 0):
 garbage-first heap   total 130048K, used 108679K [0x0000000085200000, 0x0000000100000000)
  region size 1024K, 35 young (35840K), 4 survivors (4096K)
 Metaspace       used 78241K, committed 78976K, reserved 1179648K
  class space    used 10690K, committed 11008K, reserved 1048576K
}
Event: 11.286 GC heap after
{Heap after GC invocations=33 (full 0):
 garbage-first heap   total 285696K, used 85934K [0x0000000085200000, 0x0000000100000000)
  region size 1024K, 5 young (5120K), 5 survivors (5120K)
 Metaspace       used 78241K, committed 78976K, reserved 1179648K
  class space    used 10690K, committed 11008K, reserved 1048576K
}

