# JRE version: OpenJDK Runtime Environment Temurin-17.0.13+11 (17.0.13+11) (build 17.0.13+11)
# Java VM: OpenJDK 64-Bit Server VM Temurin-17.0.13+11 (17.0.13+11, mixed mode, tiered, compressed oops, compressed class ptrs, g1 gc, windows-amd64)
GC Precious Log:
 CPUs: 12 total, 12 available
 Memory: 7863M
 Large Page Support: Disabled
 NUMA Support: Disabled
 Compressed Oops: Enabled (32-bit)
 Heap Region Size: 1M
 Heap Min Capacity: 8M
 Heap Initial Capacity: 124M
 Heap Max Capacity: 1966M
 Pre-touch: Disabled
 Parallel Workers: 10
 Concurrent Workers: 3
 Concurrent Refinement Workers: 10
 Periodic GC: Disabled
Heap:
 garbage-first heap   total 239616K, used 100152K [0x0000000085200000, 0x0000000100000000)
  region size 1024K, 6 young (6144K), 6 survivors (6144K)
 Metaspace       used 112443K, committed 113664K, reserved 1179648K
  class space    used 13945K, committed 14592K, reserved 1048576K
GC Heap History (20 events):
Event: 145.331 GC heap after
{Heap after GC invocations=114 (full 9):
 garbage-first heap   total 147456K, used 78093K [0x0000000085200000, 0x0000000100000000)
  region size 1024K, 3 young (3072K), 3 survivors (3072K)
 Metaspace       used 110253K, committed 111552K, reserved 1179648K
  class space    used 13782K, committed 14464K, reserved 1048576K
}
Event: 145.374 GC heap before
{Heap before GC invocations=114 (full 9):
 garbage-first heap   total 147456K, used 82189K [0x0000000085200000, 0x0000000100000000)
  region size 1024K, 7 young (7168K), 3 survivors (3072K)
 Metaspace       used 110304K, committed 111616K, reserved 1179648K
  class space    used 13788K, committed 14464K, reserved 1048576K
}
Event: 145.377 GC heap after
{Heap after GC invocations=115 (full 9):
 garbage-first heap   total 147456K, used 78771K [0x0000000085200000, 0x0000000100000000)
  region size 1024K, 1 young (1024K), 1 survivors (1024K)
 Metaspace       used 110304K, committed 111616K, reserved 1179648K
  class space    used 13788K, committed 14464K, reserved 1048576K
}
Event: 147.899 GC heap before
{Heap before GC invocations=115 (full 9):
 garbage-first heap   total 147456K, used 119731K [0x0000000085200000, 0x0000000100000000)
  region size 1024K, 41 young (41984K), 1 survivors (1024K)
 Metaspace       used 110789K, committed 112064K, reserved 1179648K
  class space    used 13828K, committed 14464K, reserved 1048576K
}
Event: 147.903 GC heap after
{Heap after GC invocations=116 (full 9):
 garbage-first heap   total 147456K, used 80539K [0x0000000085200000, 0x0000000100000000)
  region size 1024K, 3 young (3072K), 3 survivors (3072K)
 Metaspace       used 110789K, committed 112064K, reserved 1179648K
  class space    used 13828K, committed 14464K, reserved 1048576K
}
Event: 164.230 GC heap before
{Heap before GC invocations=117 (full 9):
 garbage-first heap   total 147456K, used 120475K [0x0000000085200000, 0x0000000100000000)
  region size 1024K, 42 young (43008K), 3 survivors (3072K)
 Metaspace       used 110926K, committed 112256K, reserved 1179648K
  class space    used 13845K, committed 14528K, reserved 1048576K
}
Event: 164.235 GC heap after
{Heap after GC invocations=118 (full 9):
 garbage-first heap   total 189440K, used 83067K [0x0000000085200000, 0x0000000100000000)
  region size 1024K, 6 young (6144K), 6 survivors (6144K)
 Metaspace       used 110926K, committed 112256K, reserved 1179648K
  class space    used 13845K, committed 14528K, reserved 1048576K
}
Event: 164.263 GC heap before
{Heap before GC invocations=118 (full 9):
 garbage-first heap   total 189440K, used 86139K [0x0000000085200000, 0x0000000100000000)
  region size 1024K, 9 young (9216K), 6 survivors (6144K)
 Metaspace       used 111069K, committed 112384K, reserved 1179648K
  class space    used 13856K, committed 14528K, reserved 1048576K
}
Event: 164.272 GC heap after
{Heap after GC invocations=119 (full 9):
 garbage-first heap   total 189440K, used 83127K [0x0000000085200000, 0x0000000100000000)
  region size 1024K, 1 young (1024K), 1 survivors (1024K)
 Metaspace       used 111069K, committed 112384K, reserved 1179648K
  class space    used 13856K, committed 14528K, reserved 1048576K
}
Event: 164.849 GC heap before
{Heap before GC invocations=119 (full 9):
 garbage-first heap   total 189440K, used 154807K [0x0000000085200000, 0x0000000100000000)
  region size 1024K, 71 young (72704K), 1 survivors (1024K)
 Metaspace       used 111628K, committed 112960K, reserved 1179648K
  class space    used 13898K, committed 14592K, reserved 1048576K
}
Event: 164.852 GC heap after
{Heap after GC invocations=120 (full 9):
 garbage-first heap   total 189440K, used 87096K [0x0000000085200000, 0x0000000100000000)
  region size 1024K, 5 young (5120K), 5 survivors (5120K)
 Metaspace       used 111628K, committed 112960K, reserved 1179648K
  class space    used 13898K, committed 14592K, reserved 1048576K
}
Event: 165.064 GC heap before
{Heap before GC invocations=120 (full 9):
 garbage-first heap   total 189440K, used 132152K [0x0000000085200000, 0x0000000100000000)
  region size 1024K, 50 young (51200K), 5 survivors (5120K)
 Metaspace       used 112007K, committed 113280K, reserved 1179648K
  class space    used 13919K, committed 14592K, reserved 1048576K
}
Event: 165.069 GC heap after
{Heap after GC invocations=121 (full 9):
 garbage-first heap   total 189440K, used 90204K [0x0000000085200000, 0x0000000100000000)
  region size 1024K, 8 young (8192K), 8 survivors (8192K)
 Metaspace       used 112007K, committed 113280K, reserved 1179648K
  class space    used 13919K, committed 14592K, reserved 1048576K
}
Event: 165.228 GC heap before
{Heap before GC invocations=121 (full 9):
 garbage-first heap   total 239616K, used 156764K [0x0000000085200000, 0x0000000100000000)
  region size 1024K, 72 young (73728K), 8 survivors (8192K)
 Metaspace       used 112006K, committed 113280K, reserved 1179648K
  class space    used 13918K, committed 14592K, reserved 1048576K
}
Event: 165.235 GC heap after
{Heap after GC invocations=122 (full 9):
 garbage-first heap   total 239616K, used 94808K [0x0000000085200000, 0x0000000100000000)
  region size 1024K, 8 young (8192K), 8 survivors (8192K)
 Metaspace       used 112006K, committed 113280K, reserved 1179648K
  class space    used 13918K, committed 14592K, reserved 1048576K
}
Event: 165.387 GC heap before
{Heap before GC invocations=123 (full 9):
 garbage-first heap   total 239616K, used 197208K [0x0000000085200000, 0x0000000100000000)
  region size 1024K, 107 young (109568K), 8 survivors (8192K)
 Metaspace       used 112006K, committed 113280K, reserved 1179648K
  class space    used 13918K, committed 14592K, reserved 1048576K
}
Event: 165.392 GC heap after
{Heap after GC invocations=124 (full 9):
 garbage-first heap   total 239616K, used 96162K [0x0000000085200000, 0x0000000100000000)
  region size 1024K, 9 young (9216K), 9 survivors (9216K)
 Metaspace       used 112006K, committed 113280K, reserved 1179648K
  class space    used 13918K, committed 14592K, reserved 1048576K
}
Event: 165.394 GC heap before
{Heap before GC invocations=124 (full 9):
 garbage-first heap   total 239616K, used 98210K [0x0000000085200000, 0x0000000100000000)
  region size 1024K, 11 young (11264K), 9 survivors (9216K)
 Metaspace       used 112006K, committed 113280K, reserved 1179648K
  class space    used 13918K, committed 14592K, reserved 1048576K
}
Event: 165.400 GC heap after
{Heap after GC invocations=125 (full 9):
 garbage-first heap   total 239616K, used 95032K [0x0000000085200000, 0x0000000100000000)
  region size 1024K, 1 young (1024K), 1 survivors (1024K)
 Metaspace       used 112006K, committed 113280K, reserved 1179648K
  class space    used 13918K, committed 14592K, reserved 1048576K
}
Event: 270.508 GC heap before
{Heap before GC invocations=125 (full 9):
 garbage-first heap   total 239616K, used 195384K [0x0000000085200000, 0x0000000100000000)
  region size 1024K, 100 young (102400K), 1 survivors (1024K)
 Metaspace       used 112443K, committed 113664K, reserved 1179648K
  class space    used 13945K, committed 14592K, reserved 1048576K
}

