# JRE version: OpenJDK Runtime Environment Temurin-21.0.5+11 (21.0.5+11) (build 21.0.5+11-LTS)
# Java VM: OpenJDK 64-Bit Server VM Temurin-21.0.5+11 (21.0.5+11-LTS, mixed mode, sharing, tiered, compressed oops, compressed class ptrs, g1 gc, windows-amd64)
GC Precious Log:
 CardTable entry size: 512
 Card Set container configuration: InlinePtr #cards 5 size 8 Array Of Cards #cards 12 size 40 Howl #buckets 4 coarsen threshold 1843 Howl Bitmap #cards 512 size 80 coarsen threshold 460 Card regions per heap region 1 cards per card region 2048
 CPUs: 12 total, 12 available
 Memory: 7863M
 Large Page Support: Disabled
 NUMA Support: Disabled
 Compressed Oops: Enabled (32-bit)
 Heap Region Size: 1M
 Heap Min Capacity: 8M
 Heap Initial Capacity: 124M
 Heap Max Capacity: 1966M
 Pre-touch: Disabled
 Parallel Workers: 10
 Concurrent Workers: 3
 Concurrent Refinement Workers: 10
 Periodic GC: Disabled
Heap:
 garbage-first heap   total 141312K, used 80280K [0x0000000085200000, 0x0000000100000000)
  region size 1024K, 3 young (3072K), 3 survivors (3072K)
 Metaspace       used 76370K, committed 77184K, reserved 1179648K
  class space    used 10478K, committed 10880K, reserved 1048576K
GC Heap History (20 events):
Event: 6.678 GC heap after
{Heap after GC invocations=14 (full 0):
 garbage-first heap   total 83968K, used 33825K [0x0000000085200000, 0x0000000100000000)
  region size 1024K, 5 young (5120K), 5 survivors (5120K)
 Metaspace       used 67249K, committed 67968K, reserved 1114112K
  class space    used 9330K, committed 9664K, reserved 1048576K
}
Event: 7.042 GC heap before
{Heap before GC invocations=14 (full 0):
 garbage-first heap   total 83968K, used 71713K [0x0000000085200000, 0x0000000100000000)
  region size 1024K, 43 young (44032K), 5 survivors (5120K)
 Metaspace       used 70109K, committed 70784K, reserved 1114112K
  class space    used 9694K, committed 9984K, reserved 1048576K
}
Event: 7.049 GC heap after
{Heap after GC invocations=15 (full 0):
 garbage-first heap   total 83968K, used 35720K [0x0000000085200000, 0x0000000100000000)
  region size 1024K, 3 young (3072K), 3 survivors (3072K)
 Metaspace       used 70109K, committed 70784K, reserved 1114112K
  class space    used 9694K, committed 9984K, reserved 1048576K
}
Event: 7.483 GC heap before
{Heap before GC invocations=15 (full 0):
 garbage-first heap   total 83968K, used 74632K [0x0000000085200000, 0x0000000100000000)
  region size 1024K, 41 young (41984K), 3 survivors (3072K)
 Metaspace       used 72896K, committed 73664K, reserved 1114112K
  class space    used 10054K, committed 10432K, reserved 1048576K
}
Event: 7.486 GC heap after
{Heap after GC invocations=16 (full 0):
 garbage-first heap   total 83968K, used 38033K [0x0000000085200000, 0x0000000100000000)
  region size 1024K, 5 young (5120K), 5 survivors (5120K)
 Metaspace       used 72896K, committed 73664K, reserved 1114112K
  class space    used 10054K, committed 10432K, reserved 1048576K
}
Event: 7.901 GC heap before
{Heap before GC invocations=16 (full 0):
 garbage-first heap   total 83968K, used 65681K [0x0000000085200000, 0x0000000100000000)
  region size 1024K, 33 young (33792K), 5 survivors (5120K)
 Metaspace       used 76037K, committed 76864K, reserved 1179648K
  class space    used 10457K, committed 10816K, reserved 1048576K
}
Event: 7.907 GC heap after
{Heap after GC invocations=17 (full 0):
 garbage-first heap   total 83968K, used 40529K [0x0000000085200000, 0x0000000100000000)
  region size 1024K, 5 young (5120K), 5 survivors (5120K)
 Metaspace       used 76037K, committed 76864K, reserved 1179648K
  class space    used 10457K, committed 10816K, reserved 1048576K
}
Event: 8.125 GC heap before
{Heap before GC invocations=18 (full 0):
 garbage-first heap   total 83968K, used 73297K [0x0000000085200000, 0x0000000100000000)
  region size 1024K, 37 young (37888K), 5 survivors (5120K)
 Metaspace       used 76137K, committed 76928K, reserved 1179648K
  class space    used 10461K, committed 10816K, reserved 1048576K
}
Event: 8.131 GC heap after
{Heap after GC invocations=19 (full 0):
 garbage-first heap   total 88064K, used 49218K [0x0000000085200000, 0x0000000100000000)
  region size 1024K, 5 young (5120K), 5 survivors (5120K)
 Metaspace       used 76137K, committed 76928K, reserved 1179648K
  class space    used 10461K, committed 10816K, reserved 1048576K
}
Event: 8.235 GC heap before
{Heap before GC invocations=19 (full 0):
 garbage-first heap   total 88064K, used 75842K [0x0000000085200000, 0x0000000100000000)
  region size 1024K, 31 young (31744K), 5 survivors (5120K)
 Metaspace       used 76240K, committed 76992K, reserved 1179648K
  class space    used 10477K, committed 10816K, reserved 1048576K
}
Event: 8.241 GC heap after
{Heap after GC invocations=20 (full 0):
 garbage-first heap   total 110592K, used 57217K [0x0000000085200000, 0x0000000100000000)
  region size 1024K, 4 young (4096K), 4 survivors (4096K)
 Metaspace       used 76240K, committed 76992K, reserved 1179648K
  class space    used 10477K, committed 10816K, reserved 1048576K
}
Event: 8.295 GC heap before
{Heap before GC invocations=20 (full 0):
 garbage-first heap   total 110592K, used 92033K [0x0000000085200000, 0x0000000100000000)
  region size 1024K, 39 young (39936K), 4 survivors (4096K)
 Metaspace       used 76240K, committed 76992K, reserved 1179648K
  class space    used 10477K, committed 10816K, reserved 1048576K
}
Event: 8.300 GC heap after
{Heap after GC invocations=21 (full 0):
 garbage-first heap   total 110592K, used 64305K [0x0000000085200000, 0x0000000100000000)
  region size 1024K, 5 young (5120K), 5 survivors (5120K)
 Metaspace       used 76240K, committed 76992K, reserved 1179648K
  class space    used 10477K, committed 10816K, reserved 1048576K
}
Event: 8.398 GC heap before
{Heap before GC invocations=22 (full 0):
 garbage-first heap   total 110592K, used 95025K [0x0000000085200000, 0x0000000100000000)
  region size 1024K, 34 young (34816K), 5 survivors (5120K)
 Metaspace       used 76269K, committed 77056K, reserved 1179648K
  class space    used 10477K, committed 10880K, reserved 1048576K
}
Event: 8.403 GC heap after
{Heap after GC invocations=23 (full 0):
 garbage-first heap   total 110592K, used 72833K [0x0000000085200000, 0x0000000100000000)
  region size 1024K, 5 young (5120K), 5 survivors (5120K)
 Metaspace       used 76269K, committed 77056K, reserved 1179648K
  class space    used 10477K, committed 10880K, reserved 1048576K
}
Event: 8.432 GC heap before
{Heap before GC invocations=23 (full 0):
 garbage-first heap   total 110592K, used 94337K [0x0000000085200000, 0x0000000100000000)
  region size 1024K, 27 young (27648K), 5 survivors (5120K)
 Metaspace       used 76284K, committed 77120K, reserved 1179648K
  class space    used 10477K, committed 10880K, reserved 1048576K
}
Event: 8.436 GC heap after
{Heap after GC invocations=24 (full 0):
 garbage-first heap   total 110592K, used 76227K [0x0000000085200000, 0x0000000100000000)
  region size 1024K, 4 young (4096K), 4 survivors (4096K)
 Metaspace       used 76284K, committed 77120K, reserved 1179648K
  class space    used 10477K, committed 10880K, reserved 1048576K
}
Event: 8.520 GC heap before
{Heap before GC invocations=24 (full 0):
 garbage-first heap   total 110592K, used 88515K [0x0000000085200000, 0x0000000100000000)
  region size 1024K, 17 young (17408K), 4 survivors (4096K)
 Metaspace       used 76319K, committed 77120K, reserved 1179648K
  class space    used 10478K, committed 10880K, reserved 1048576K
}
Event: 8.523 GC heap after
{Heap after GC invocations=25 (full 0):
 garbage-first heap   total 110592K, used 81439K [0x0000000085200000, 0x0000000100000000)
  region size 1024K, 4 young (4096K), 4 survivors (4096K)
 Metaspace       used 76319K, committed 77120K, reserved 1179648K
  class space    used 10478K, committed 10880K, reserved 1048576K
}
Event: 8.575 GC heap before
{Heap before GC invocations=25 (full 0):
 garbage-first heap   total 130048K, used 91679K [0x0000000085200000, 0x0000000100000000)
  region size 1024K, 19 young (19456K), 4 survivors (4096K)
 Metaspace       used 76370K, committed 77184K, reserved 1179648K
  class space    used 10478K, committed 10880K, reserved 1048576K
}

