# JRE version: OpenJDK Runtime Environment Temurin-21.0.5+11 (21.0.5+11) (build 21.0.5+11-LTS)
# Java VM: OpenJDK 64-Bit Server VM Temurin-21.0.5+11 (21.0.5+11-LTS, mixed mode, sharing, tiered, compressed oops, compressed class ptrs, g1 gc, windows-amd64)
GC Precious Log:
 CardTable entry size: 512
 Card Set container configuration: InlinePtr #cards 5 size 8 Array Of Cards #cards 12 size 40 Howl #buckets 4 coarsen threshold 1843 Howl Bitmap #cards 512 size 80 coarsen threshold 460 Card regions per heap region 1 cards per card region 2048
 CPUs: 12 total, 12 available
 Memory: 7863M
 Large Page Support: Disabled
 NUMA Support: Disabled
 Compressed Oops: Enabled (32-bit)
 Heap Region Size: 1M
 Heap Min Capacity: 8M
 Heap Initial Capacity: 124M
 Heap Max Capacity: 1966M
 Pre-touch: Disabled
 Parallel Workers: 10
 Concurrent Workers: 3
 Concurrent Refinement Workers: 10
 Periodic GC: Disabled
Heap:
 garbage-first heap   total 82944K, used 68375K [0x0000000085200000, 0x0000000100000000)
  region size 1024K, 15 young (15360K), 1 survivors (1024K)
 Metaspace       used 76338K, committed 77248K, reserved 1179648K
  class space    used 10469K, committed 10880K, reserved 1048576K
GC Heap History (20 events):
Event: 7.013 GC heap before
{Heap before GC invocations=12 (full 0):
 garbage-first heap   total 65536K, used 40015K [0x0000000085200000, 0x0000000100000000)
  region size 1024K, 15 young (15360K), 3 survivors (3072K)
 Metaspace       used 59493K, committed 60160K, reserved 1114112K
  class space    used 8045K, committed 8384K, reserved 1048576K
}
Event: 7.017 GC heap after
{Heap after GC invocations=13 (full 0):
 garbage-first heap   total 65536K, used 29600K [0x0000000085200000, 0x0000000100000000)
  region size 1024K, 2 young (2048K), 2 survivors (2048K)
 Metaspace       used 59493K, committed 60160K, reserved 1114112K
  class space    used 8045K, committed 8384K, reserved 1048576K
}
Event: 7.719 GC heap before
{Heap before GC invocations=14 (full 0):
 garbage-first heap   total 65536K, used 58272K [0x0000000085200000, 0x0000000100000000)
  region size 1024K, 30 young (30720K), 2 survivors (2048K)
 Metaspace       used 64746K, committed 65472K, reserved 1114112K
  class space    used 8847K, committed 9152K, reserved 1048576K
}
Event: 7.724 GC heap after
{Heap after GC invocations=15 (full 0):
 garbage-first heap   total 65536K, used 32065K [0x0000000085200000, 0x0000000100000000)
  region size 1024K, 4 young (4096K), 4 survivors (4096K)
 Metaspace       used 64746K, committed 65472K, reserved 1114112K
  class space    used 8847K, committed 9152K, reserved 1048576K
}
Event: 8.225 GC heap before
{Heap before GC invocations=15 (full 0):
 garbage-first heap   total 65536K, used 55617K [0x0000000085200000, 0x0000000100000000)
  region size 1024K, 28 young (28672K), 4 survivors (4096K)
 Metaspace       used 68710K, committed 69376K, reserved 1114112K
  class space    used 9507K, committed 9792K, reserved 1048576K
}
Event: 8.234 GC heap after
{Heap after GC invocations=16 (full 0):
 garbage-first heap   total 65536K, used 33821K [0x0000000085200000, 0x0000000100000000)
  region size 1024K, 2 young (2048K), 2 survivors (2048K)
 Metaspace       used 68710K, committed 69376K, reserved 1114112K
  class space    used 9507K, committed 9792K, reserved 1048576K
}
Event: 8.716 GC heap before
{Heap before GC invocations=16 (full 0):
 garbage-first heap   total 65536K, used 58397K [0x0000000085200000, 0x0000000100000000)
  region size 1024K, 26 young (26624K), 2 survivors (2048K)
 Metaspace       used 70207K, committed 70848K, reserved 1114112K
  class space    used 9692K, committed 9984K, reserved 1048576K
}
Event: 8.726 GC heap after
{Heap after GC invocations=17 (full 0):
 garbage-first heap   total 65536K, used 35338K [0x0000000085200000, 0x0000000100000000)
  region size 1024K, 4 young (4096K), 4 survivors (4096K)
 Metaspace       used 70207K, committed 70848K, reserved 1114112K
  class space    used 9692K, committed 9984K, reserved 1048576K
}
Event: 9.100 GC heap before
{Heap before GC invocations=18 (full 0):
 garbage-first heap   total 65536K, used 55818K [0x0000000085200000, 0x0000000100000000)
  region size 1024K, 24 young (24576K), 4 survivors (4096K)
 Metaspace       used 70988K, committed 71744K, reserved 1114112K
  class space    used 9791K, committed 10176K, reserved 1048576K
}
Event: 9.103 GC heap after
{Heap after GC invocations=19 (full 0):
 garbage-first heap   total 78848K, used 36557K [0x0000000085200000, 0x0000000100000000)
  region size 1024K, 2 young (2048K), 2 survivors (2048K)
 Metaspace       used 70988K, committed 71744K, reserved 1114112K
  class space    used 9791K, committed 10176K, reserved 1048576K
}
Event: 9.840 GC heap before
{Heap before GC invocations=19 (full 0):
 garbage-first heap   total 78848K, used 69325K [0x0000000085200000, 0x0000000100000000)
  region size 1024K, 35 young (35840K), 2 survivors (2048K)
 Metaspace       used 74321K, committed 75072K, reserved 1114112K
  class space    used 10242K, committed 10624K, reserved 1048576K
}
Event: 9.846 GC heap after
{Heap after GC invocations=20 (full 0):
 garbage-first heap   total 78848K, used 38624K [0x0000000085200000, 0x0000000100000000)
  region size 1024K, 4 young (4096K), 4 survivors (4096K)
 Metaspace       used 74321K, committed 75072K, reserved 1114112K
  class space    used 10242K, committed 10624K, reserved 1048576K
}
Event: 10.267 GC heap before
{Heap before GC invocations=20 (full 0):
 garbage-first heap   total 78848K, used 55008K [0x0000000085200000, 0x0000000100000000)
  region size 1024K, 22 young (22528K), 4 survivors (4096K)
 Metaspace       used 76073K, committed 76864K, reserved 1179648K
  class space    used 10455K, committed 10816K, reserved 1048576K
}
Event: 10.273 GC heap after
{Heap after GC invocations=21 (full 0):
 garbage-first heap   total 78848K, used 40799K [0x0000000085200000, 0x0000000100000000)
  region size 1024K, 5 young (5120K), 5 survivors (5120K)
 Metaspace       used 76073K, committed 76864K, reserved 1179648K
  class space    used 10455K, committed 10816K, reserved 1048576K
}
Event: 10.442 GC heap before
{Heap before GC invocations=22 (full 0):
 garbage-first heap   total 78848K, used 67423K [0x0000000085200000, 0x0000000100000000)
  region size 1024K, 31 young (31744K), 5 survivors (5120K)
 Metaspace       used 76148K, committed 76992K, reserved 1179648K
  class space    used 10457K, committed 10816K, reserved 1048576K
}
Event: 10.448 GC heap after
{Heap after GC invocations=23 (full 0):
 garbage-first heap   total 79872K, used 46659K [0x0000000085200000, 0x0000000100000000)
  region size 1024K, 4 young (4096K), 4 survivors (4096K)
 Metaspace       used 76148K, committed 76992K, reserved 1179648K
  class space    used 10457K, committed 10816K, reserved 1048576K
}
Event: 10.591 GC heap before
{Heap before GC invocations=23 (full 0):
 garbage-first heap   total 79872K, used 69187K [0x0000000085200000, 0x0000000100000000)
  region size 1024K, 27 young (27648K), 4 survivors (4096K)
 Metaspace       used 76297K, committed 77056K, reserved 1179648K
  class space    used 10466K, committed 10816K, reserved 1048576K
}
Event: 10.597 GC heap after
{Heap after GC invocations=24 (full 0):
 garbage-first heap   total 82944K, used 53806K [0x0000000085200000, 0x0000000100000000)
  region size 1024K, 4 young (4096K), 4 survivors (4096K)
 Metaspace       used 76297K, committed 77056K, reserved 1179648K
  class space    used 10466K, committed 10816K, reserved 1048576K
}
Event: 10.655 GC heap before
{Heap before GC invocations=24 (full 0):
 garbage-first heap   total 82944K, used 56878K [0x0000000085200000, 0x0000000100000000)
  region size 1024K, 8 young (8192K), 4 survivors (4096K)
 Metaspace       used 76352K, committed 77184K, reserved 1179648K
  class space    used 10472K, committed 10880K, reserved 1048576K
}
Event: 10.657 GC heap after
{Heap after GC invocations=25 (full 0):
 garbage-first heap   total 82944K, used 55063K [0x0000000085200000, 0x0000000100000000)
  region size 1024K, 1 young (1024K), 1 survivors (1024K)
 Metaspace       used 76352K, committed 77184K, reserved 1179648K
  class space    used 10472K, committed 10880K, reserved 1048576K
}

